100000 GFF lines processed.
200000 GFF lines processed.
300000 GFF lines processed.
400000 GFF lines processed.
500000 GFF lines processed.
600000 GFF lines processed.
700000 GFF lines processed.
800000 GFF lines processed.
900000 GFF lines processed.
1000000 GFF lines processed.
1100000 GFF lines processed.
1200000 GFF lines processed.
1300000 GFF lines processed.
1400000 GFF lines processed.
1500000 GFF lines processed.
1600000 GFF lines processed.
1700000 GFF lines processed.
1800000 GFF lines processed.
1889871 GFF lines processed.
100000 alignment record pairs processed.
200000 alignment record pairs processed.
300000 alignment record pairs processed.
400000 alignment record pairs processed.
500000 alignment record pairs processed.
600000 alignment record pairs processed.
700000 alignment record pairs processed.
800000 alignment record pairs processed.
900000 alignment record pairs processed.
1000000 alignment record pairs processed.
1100000 alignment record pairs processed.
1200000 alignment record pairs processed.
1300000 alignment record pairs processed.
1400000 alignment record pairs processed.
1500000 alignment record pairs processed.
1600000 alignment record pairs processed.
1700000 alignment record pairs processed.
1800000 alignment record pairs processed.
1900000 alignment record pairs processed.
2000000 alignment record pairs processed.
2100000 alignment record pairs processed.
2200000 alignment record pairs processed.
2300000 alignment record pairs processed.
2400000 alignment record pairs processed.
2500000 alignment record pairs processed.
2600000 alignment record pairs processed.
2700000 alignment record pairs processed.
2800000 alignment record pairs processed.
2900000 alignment record pairs processed.
3000000 alignment record pairs processed.
3100000 alignment record pairs processed.
3200000 alignment record pairs processed.
3300000 alignment record pairs processed.
3400000 alignment record pairs processed.
3500000 alignment record pairs processed.
3600000 alignment record pairs processed.
3700000 alignment record pairs processed.
3800000 alignment record pairs processed.
3900000 alignment record pairs processed.
4000000 alignment record pairs processed.
4100000 alignment record pairs processed.
4200000 alignment record pairs processed.
4300000 alignment record pairs processed.
4400000 alignment record pairs processed.
4500000 alignment record pairs processed.
4600000 alignment record pairs processed.
4700000 alignment record pairs processed.
4800000 alignment record pairs processed.
4900000 alignment record pairs processed.
5000000 alignment record pairs processed.
5100000 alignment record pairs processed.
5200000 alignment record pairs processed.
5300000 alignment record pairs processed.
5400000 alignment record pairs processed.
5500000 alignment record pairs processed.
5600000 alignment record pairs processed.
5700000 alignment record pairs processed.
5800000 alignment record pairs processed.
5900000 alignment record pairs processed.
6000000 alignment record pairs processed.
6100000 alignment record pairs processed.
6200000 alignment record pairs processed.
6300000 alignment record pairs processed.
6400000 alignment record pairs processed.
6500000 alignment record pairs processed.
6600000 alignment record pairs processed.
6700000 alignment record pairs processed.
6800000 alignment record pairs processed.
6900000 alignment record pairs processed.
7000000 alignment record pairs processed.
7100000 alignment record pairs processed.
7200000 alignment record pairs processed.
7300000 alignment record pairs processed.
7400000 alignment record pairs processed.
7500000 alignment record pairs processed.
7600000 alignment record pairs processed.
7700000 alignment record pairs processed.
7800000 alignment record pairs processed.
7900000 alignment record pairs processed.
8000000 alignment record pairs processed.
8100000 alignment record pairs processed.
8200000 alignment record pairs processed.
8300000 alignment record pairs processed.
8400000 alignment record pairs processed.
8500000 alignment record pairs processed.
8600000 alignment record pairs processed.
8700000 alignment record pairs processed.
8800000 alignment record pairs processed.
8900000 alignment record pairs processed.
9000000 alignment record pairs processed.
9100000 alignment record pairs processed.
9200000 alignment record pairs processed.
9300000 alignment record pairs processed.
9400000 alignment record pairs processed.
9500000 alignment record pairs processed.
9600000 alignment record pairs processed.
9700000 alignment record pairs processed.
9800000 alignment record pairs processed.
9900000 alignment record pairs processed.
10000000 alignment record pairs processed.
10100000 alignment record pairs processed.
10200000 alignment record pairs processed.
10300000 alignment record pairs processed.
10400000 alignment record pairs processed.
10500000 alignment record pairs processed.
10600000 alignment record pairs processed.
10700000 alignment record pairs processed.
10800000 alignment record pairs processed.
10900000 alignment record pairs processed.
11000000 alignment record pairs processed.
11100000 alignment record pairs processed.
11200000 alignment record pairs processed.
11300000 alignment record pairs processed.
11400000 alignment record pairs processed.
11500000 alignment record pairs processed.
11600000 alignment record pairs processed.
11700000 alignment record pairs processed.
11800000 alignment record pairs processed.
11900000 alignment record pairs processed.
12000000 alignment record pairs processed.
12100000 alignment record pairs processed.
12200000 alignment record pairs processed.
12300000 alignment record pairs processed.
12400000 alignment record pairs processed.
12500000 alignment record pairs processed.
12600000 alignment record pairs processed.
12700000 alignment record pairs processed.
12800000 alignment record pairs processed.
12900000 alignment record pairs processed.
13000000 alignment record pairs processed.
13100000 alignment record pairs processed.
13200000 alignment record pairs processed.
13300000 alignment record pairs processed.
13400000 alignment record pairs processed.
13500000 alignment record pairs processed.
13600000 alignment record pairs processed.
13700000 alignment record pairs processed.
13800000 alignment record pairs processed.
13900000 alignment record pairs processed.
14000000 alignment record pairs processed.
14100000 alignment record pairs processed.
14200000 alignment record pairs processed.
14300000 alignment record pairs processed.
14400000 alignment record pairs processed.
14500000 alignment record pairs processed.
14600000 alignment record pairs processed.
14700000 alignment record pairs processed.
14800000 alignment record pairs processed.
14900000 alignment record pairs processed.
15000000 alignment record pairs processed.
15100000 alignment record pairs processed.
15200000 alignment record pairs processed.
15300000 alignment record pairs processed.
15400000 alignment record pairs processed.
15500000 alignment record pairs processed.
15600000 alignment record pairs processed.
15700000 alignment record pairs processed.
15800000 alignment record pairs processed.
15900000 alignment record pairs processed.
16000000 alignment record pairs processed.
16100000 alignment record pairs processed.
16200000 alignment record pairs processed.
16300000 alignment record pairs processed.
16400000 alignment record pairs processed.
16500000 alignment record pairs processed.
16600000 alignment record pairs processed.
16700000 alignment record pairs processed.
16800000 alignment record pairs processed.
16900000 alignment record pairs processed.
17000000 alignment record pairs processed.
17100000 alignment record pairs processed.
17200000 alignment record pairs processed.
17300000 alignment record pairs processed.
17400000 alignment record pairs processed.
17500000 alignment record pairs processed.
17600000 alignment record pairs processed.
17700000 alignment record pairs processed.
17800000 alignment record pairs processed.
17900000 alignment record pairs processed.
18000000 alignment record pairs processed.
18100000 alignment record pairs processed.
18200000 alignment record pairs processed.
18300000 alignment record pairs processed.
18400000 alignment record pairs processed.
18500000 alignment record pairs processed.
18600000 alignment record pairs processed.
18700000 alignment record pairs processed.
18800000 alignment record pairs processed.
18900000 alignment record pairs processed.
19000000 alignment record pairs processed.
19100000 alignment record pairs processed.
19200000 alignment record pairs processed.
19300000 alignment record pairs processed.
19400000 alignment record pairs processed.
19500000 alignment record pairs processed.
19600000 alignment record pairs processed.
19700000 alignment record pairs processed.
19800000 alignment record pairs processed.
19900000 alignment record pairs processed.
20000000 alignment record pairs processed.
20100000 alignment record pairs processed.
20200000 alignment record pairs processed.
20300000 alignment record pairs processed.
20400000 alignment record pairs processed.
20500000 alignment record pairs processed.
20600000 alignment record pairs processed.
20700000 alignment record pairs processed.
20800000 alignment record pairs processed.
20900000 alignment record pairs processed.
21000000 alignment record pairs processed.
21100000 alignment record pairs processed.
21200000 alignment record pairs processed.
21300000 alignment record pairs processed.
21400000 alignment record pairs processed.
21500000 alignment record pairs processed.
21600000 alignment record pairs processed.
21700000 alignment record pairs processed.
21800000 alignment record pairs processed.
21900000 alignment record pairs processed.
22000000 alignment record pairs processed.
22100000 alignment record pairs processed.
22200000 alignment record pairs processed.
22300000 alignment record pairs processed.
22400000 alignment record pairs processed.
22500000 alignment record pairs processed.
22600000 alignment record pairs processed.
22700000 alignment record pairs processed.
22800000 alignment record pairs processed.
22900000 alignment record pairs processed.
23000000 alignment record pairs processed.
23100000 alignment record pairs processed.
23200000 alignment record pairs processed.
23300000 alignment record pairs processed.
23400000 alignment record pairs processed.
23500000 alignment record pairs processed.
23600000 alignment record pairs processed.
23700000 alignment record pairs processed.
23800000 alignment record pairs processed.
23900000 alignment record pairs processed.
24000000 alignment record pairs processed.
24100000 alignment record pairs processed.
24200000 alignment record pairs processed.
24300000 alignment record pairs processed.
24400000 alignment record pairs processed.
24500000 alignment record pairs processed.
24600000 alignment record pairs processed.
24700000 alignment record pairs processed.
24800000 alignment record pairs processed.
24900000 alignment record pairs processed.
25000000 alignment record pairs processed.
25100000 alignment record pairs processed.
25200000 alignment record pairs processed.
25300000 alignment record pairs processed.
25400000 alignment record pairs processed.
25500000 alignment record pairs processed.
25600000 alignment record pairs processed.
25700000 alignment record pairs processed.
25800000 alignment record pairs processed.
25900000 alignment record pairs processed.
26000000 alignment record pairs processed.
26100000 alignment record pairs processed.
26200000 alignment record pairs processed.
26300000 alignment record pairs processed.
26400000 alignment record pairs processed.
26500000 alignment record pairs processed.
26600000 alignment record pairs processed.
26700000 alignment record pairs processed.
26800000 alignment record pairs processed.
26900000 alignment record pairs processed.
27000000 alignment record pairs processed.
27100000 alignment record pairs processed.
27200000 alignment record pairs processed.
27300000 alignment record pairs processed.
27400000 alignment record pairs processed.
27500000 alignment record pairs processed.
27600000 alignment record pairs processed.
27700000 alignment record pairs processed.
27800000 alignment record pairs processed.
27900000 alignment record pairs processed.
28000000 alignment record pairs processed.
28100000 alignment record pairs processed.
28200000 alignment record pairs processed.
28300000 alignment record pairs processed.
28400000 alignment record pairs processed.
28500000 alignment record pairs processed.
28600000 alignment record pairs processed.
28700000 alignment record pairs processed.
28800000 alignment record pairs processed.
28900000 alignment record pairs processed.
29000000 alignment record pairs processed.
29100000 alignment record pairs processed.
29200000 alignment record pairs processed.
29300000 alignment record pairs processed.
29400000 alignment record pairs processed.
29500000 alignment record pairs processed.
29600000 alignment record pairs processed.
29700000 alignment record pairs processed.
29800000 alignment record pairs processed.
29900000 alignment record pairs processed.
30000000 alignment record pairs processed.
30100000 alignment record pairs processed.
30200000 alignment record pairs processed.
30300000 alignment record pairs processed.
30400000 alignment record pairs processed.
30500000 alignment record pairs processed.
30600000 alignment record pairs processed.
30700000 alignment record pairs processed.
30800000 alignment record pairs processed.
30900000 alignment record pairs processed.
31000000 alignment record pairs processed.
31100000 alignment record pairs processed.
31200000 alignment record pairs processed.
31300000 alignment record pairs processed.
31400000 alignment record pairs processed.
31500000 alignment record pairs processed.
31600000 alignment record pairs processed.
31700000 alignment record pairs processed.
31800000 alignment record pairs processed.
31900000 alignment record pairs processed.
32000000 alignment record pairs processed.
32100000 alignment record pairs processed.
32200000 alignment record pairs processed.
32300000 alignment record pairs processed.
32400000 alignment record pairs processed.
32500000 alignment record pairs processed.
32600000 alignment record pairs processed.
32700000 alignment record pairs processed.
32800000 alignment record pairs processed.
32900000 alignment record pairs processed.
33000000 alignment record pairs processed.
33100000 alignment record pairs processed.
33200000 alignment record pairs processed.
33300000 alignment record pairs processed.
33400000 alignment record pairs processed.
33500000 alignment record pairs processed.
33600000 alignment record pairs processed.
33700000 alignment record pairs processed.
33800000 alignment record pairs processed.
33900000 alignment record pairs processed.
34000000 alignment record pairs processed.
34100000 alignment record pairs processed.
34200000 alignment record pairs processed.
34300000 alignment record pairs processed.
34400000 alignment record pairs processed.
34500000 alignment record pairs processed.
34600000 alignment record pairs processed.
34700000 alignment record pairs processed.
34800000 alignment record pairs processed.
34900000 alignment record pairs processed.
35000000 alignment record pairs processed.
35100000 alignment record pairs processed.
35200000 alignment record pairs processed.
35300000 alignment record pairs processed.
35400000 alignment record pairs processed.
35500000 alignment record pairs processed.
35600000 alignment record pairs processed.
35700000 alignment record pairs processed.
35800000 alignment record pairs processed.
35900000 alignment record pairs processed.
36000000 alignment record pairs processed.
36100000 alignment record pairs processed.
36200000 alignment record pairs processed.
36300000 alignment record pairs processed.
36400000 alignment record pairs processed.
36500000 alignment record pairs processed.
36600000 alignment record pairs processed.
36700000 alignment record pairs processed.
36800000 alignment record pairs processed.
36900000 alignment record pairs processed.
37000000 alignment record pairs processed.
37100000 alignment record pairs processed.
37200000 alignment record pairs processed.
37300000 alignment record pairs processed.
37400000 alignment record pairs processed.
37500000 alignment record pairs processed.
37600000 alignment record pairs processed.
37700000 alignment record pairs processed.
37800000 alignment record pairs processed.
37900000 alignment record pairs processed.
38000000 alignment record pairs processed.
38100000 alignment record pairs processed.
38200000 alignment record pairs processed.
38300000 alignment record pairs processed.
38400000 alignment record pairs processed.
38500000 alignment record pairs processed.
38600000 alignment record pairs processed.
38700000 alignment record pairs processed.
38800000 alignment record pairs processed.
38900000 alignment record pairs processed.
39000000 alignment record pairs processed.
39100000 alignment record pairs processed.
39200000 alignment record pairs processed.
39300000 alignment record pairs processed.
39400000 alignment record pairs processed.
39500000 alignment record pairs processed.
39600000 alignment record pairs processed.
39700000 alignment record pairs processed.
39800000 alignment record pairs processed.
39900000 alignment record pairs processed.
40000000 alignment record pairs processed.
40100000 alignment record pairs processed.
40200000 alignment record pairs processed.
40300000 alignment record pairs processed.
40400000 alignment record pairs processed.
40500000 alignment record pairs processed.
40600000 alignment record pairs processed.
40700000 alignment record pairs processed.
40800000 alignment record pairs processed.
40900000 alignment record pairs processed.
41000000 alignment record pairs processed.
41100000 alignment record pairs processed.
41200000 alignment record pairs processed.
41300000 alignment record pairs processed.
41400000 alignment record pairs processed.
41500000 alignment record pairs processed.
41600000 alignment record pairs processed.
41700000 alignment record pairs processed.
41800000 alignment record pairs processed.
41900000 alignment record pairs processed.
42000000 alignment record pairs processed.
42076142 alignment record pairs processed.
	Command being timed: "htseq-count --stranded=yes /projects/bgmp/rza/bioinfo/Bi623/QAA/aligned/23_4A_control_S17_L008Aligned.out.sam /projects/bgmp/rza/bioinfo/Bi623/mousedata/Mus_musculus.GRCm39.112.gtf"
	User time (seconds): 3120.67
	System time (seconds): 7.81
	Percent of CPU this job got: 99%
	Elapsed (wall clock) time (h:mm:ss or m:ss): 52:21.11
	Average shared text size (kbytes): 0
	Average unshared data size (kbytes): 0
	Average stack size (kbytes): 0
	Average total size (kbytes): 0
	Maximum resident set size (kbytes): 257396
	Average resident set size (kbytes): 0
	Major (requiring I/O) page faults: 0
	Minor (reclaiming a frame) page faults: 564001
	Voluntary context switches: 469
	Involuntary context switches: 979
	Swaps: 0
	File system inputs: 0
	File system outputs: 0
	Socket messages sent: 0
	Socket messages received: 0
	Signals delivered: 0
	Page size (bytes): 4096
	Exit status: 0
100000 GFF lines processed.
200000 GFF lines processed.
300000 GFF lines processed.
400000 GFF lines processed.
500000 GFF lines processed.
600000 GFF lines processed.
700000 GFF lines processed.
800000 GFF lines processed.
900000 GFF lines processed.
1000000 GFF lines processed.
1100000 GFF lines processed.
1200000 GFF lines processed.
1300000 GFF lines processed.
1400000 GFF lines processed.
1500000 GFF lines processed.
1600000 GFF lines processed.
1700000 GFF lines processed.
1800000 GFF lines processed.
1889871 GFF lines processed.
100000 alignment record pairs processed.
200000 alignment record pairs processed.
300000 alignment record pairs processed.
400000 alignment record pairs processed.
500000 alignment record pairs processed.
600000 alignment record pairs processed.
700000 alignment record pairs processed.
800000 alignment record pairs processed.
900000 alignment record pairs processed.
1000000 alignment record pairs processed.
1100000 alignment record pairs processed.
1200000 alignment record pairs processed.
1300000 alignment record pairs processed.
1400000 alignment record pairs processed.
1500000 alignment record pairs processed.
1600000 alignment record pairs processed.
1700000 alignment record pairs processed.
1800000 alignment record pairs processed.
1900000 alignment record pairs processed.
2000000 alignment record pairs processed.
2100000 alignment record pairs processed.
2200000 alignment record pairs processed.
2300000 alignment record pairs processed.
2400000 alignment record pairs processed.
2500000 alignment record pairs processed.
2600000 alignment record pairs processed.
2700000 alignment record pairs processed.
2800000 alignment record pairs processed.
2900000 alignment record pairs processed.
3000000 alignment record pairs processed.
3100000 alignment record pairs processed.
3200000 alignment record pairs processed.
3300000 alignment record pairs processed.
3400000 alignment record pairs processed.
3500000 alignment record pairs processed.
3600000 alignment record pairs processed.
3700000 alignment record pairs processed.
3800000 alignment record pairs processed.
3900000 alignment record pairs processed.
4000000 alignment record pairs processed.
4100000 alignment record pairs processed.
4200000 alignment record pairs processed.
4300000 alignment record pairs processed.
4400000 alignment record pairs processed.
4500000 alignment record pairs processed.
4600000 alignment record pairs processed.
4700000 alignment record pairs processed.
4800000 alignment record pairs processed.
4900000 alignment record pairs processed.
5000000 alignment record pairs processed.
5100000 alignment record pairs processed.
5200000 alignment record pairs processed.
5300000 alignment record pairs processed.
5400000 alignment record pairs processed.
5500000 alignment record pairs processed.
5600000 alignment record pairs processed.
5700000 alignment record pairs processed.
5800000 alignment record pairs processed.
5900000 alignment record pairs processed.
6000000 alignment record pairs processed.
6100000 alignment record pairs processed.
6200000 alignment record pairs processed.
6300000 alignment record pairs processed.
6400000 alignment record pairs processed.
6500000 alignment record pairs processed.
6600000 alignment record pairs processed.
6700000 alignment record pairs processed.
6800000 alignment record pairs processed.
6900000 alignment record pairs processed.
7000000 alignment record pairs processed.
7100000 alignment record pairs processed.
7200000 alignment record pairs processed.
7300000 alignment record pairs processed.
7400000 alignment record pairs processed.
7500000 alignment record pairs processed.
7600000 alignment record pairs processed.
7700000 alignment record pairs processed.
7800000 alignment record pairs processed.
7900000 alignment record pairs processed.
8000000 alignment record pairs processed.
8100000 alignment record pairs processed.
8200000 alignment record pairs processed.
8300000 alignment record pairs processed.
8400000 alignment record pairs processed.
8500000 alignment record pairs processed.
8600000 alignment record pairs processed.
8700000 alignment record pairs processed.
8800000 alignment record pairs processed.
8900000 alignment record pairs processed.
9000000 alignment record pairs processed.
9100000 alignment record pairs processed.
9200000 alignment record pairs processed.
9300000 alignment record pairs processed.
9400000 alignment record pairs processed.
9500000 alignment record pairs processed.
9600000 alignment record pairs processed.
9700000 alignment record pairs processed.
9800000 alignment record pairs processed.
9900000 alignment record pairs processed.
10000000 alignment record pairs processed.
10100000 alignment record pairs processed.
10200000 alignment record pairs processed.
10300000 alignment record pairs processed.
10400000 alignment record pairs processed.
10500000 alignment record pairs processed.
10600000 alignment record pairs processed.
10700000 alignment record pairs processed.
10800000 alignment record pairs processed.
10900000 alignment record pairs processed.
11000000 alignment record pairs processed.
11100000 alignment record pairs processed.
11200000 alignment record pairs processed.
11300000 alignment record pairs processed.
11400000 alignment record pairs processed.
11500000 alignment record pairs processed.
11600000 alignment record pairs processed.
11700000 alignment record pairs processed.
11800000 alignment record pairs processed.
11900000 alignment record pairs processed.
12000000 alignment record pairs processed.
12100000 alignment record pairs processed.
12200000 alignment record pairs processed.
12300000 alignment record pairs processed.
12400000 alignment record pairs processed.
12500000 alignment record pairs processed.
12600000 alignment record pairs processed.
12700000 alignment record pairs processed.
12800000 alignment record pairs processed.
12900000 alignment record pairs processed.
13000000 alignment record pairs processed.
13100000 alignment record pairs processed.
13200000 alignment record pairs processed.
13300000 alignment record pairs processed.
13400000 alignment record pairs processed.
13500000 alignment record pairs processed.
13600000 alignment record pairs processed.
13700000 alignment record pairs processed.
13800000 alignment record pairs processed.
13900000 alignment record pairs processed.
14000000 alignment record pairs processed.
14100000 alignment record pairs processed.
14200000 alignment record pairs processed.
14300000 alignment record pairs processed.
14400000 alignment record pairs processed.
14500000 alignment record pairs processed.
14600000 alignment record pairs processed.
14700000 alignment record pairs processed.
14800000 alignment record pairs processed.
14900000 alignment record pairs processed.
15000000 alignment record pairs processed.
15100000 alignment record pairs processed.
15200000 alignment record pairs processed.
15300000 alignment record pairs processed.
15400000 alignment record pairs processed.
15500000 alignment record pairs processed.
15600000 alignment record pairs processed.
15700000 alignment record pairs processed.
15800000 alignment record pairs processed.
15900000 alignment record pairs processed.
16000000 alignment record pairs processed.
16100000 alignment record pairs processed.
16200000 alignment record pairs processed.
16300000 alignment record pairs processed.
16400000 alignment record pairs processed.
16500000 alignment record pairs processed.
16600000 alignment record pairs processed.
16700000 alignment record pairs processed.
16800000 alignment record pairs processed.
16900000 alignment record pairs processed.
17000000 alignment record pairs processed.
17100000 alignment record pairs processed.
17200000 alignment record pairs processed.
17300000 alignment record pairs processed.
17400000 alignment record pairs processed.
17500000 alignment record pairs processed.
17600000 alignment record pairs processed.
17700000 alignment record pairs processed.
17800000 alignment record pairs processed.
17900000 alignment record pairs processed.
18000000 alignment record pairs processed.
18100000 alignment record pairs processed.
18200000 alignment record pairs processed.
18300000 alignment record pairs processed.
18400000 alignment record pairs processed.
18500000 alignment record pairs processed.
18600000 alignment record pairs processed.
18700000 alignment record pairs processed.
18800000 alignment record pairs processed.
18900000 alignment record pairs processed.
19000000 alignment record pairs processed.
19100000 alignment record pairs processed.
19200000 alignment record pairs processed.
19300000 alignment record pairs processed.
19400000 alignment record pairs processed.
19500000 alignment record pairs processed.
19600000 alignment record pairs processed.
19700000 alignment record pairs processed.
19800000 alignment record pairs processed.
19900000 alignment record pairs processed.
20000000 alignment record pairs processed.
20100000 alignment record pairs processed.
20200000 alignment record pairs processed.
20300000 alignment record pairs processed.
20400000 alignment record pairs processed.
20500000 alignment record pairs processed.
20600000 alignment record pairs processed.
20700000 alignment record pairs processed.
20800000 alignment record pairs processed.
20900000 alignment record pairs processed.
21000000 alignment record pairs processed.
21100000 alignment record pairs processed.
21200000 alignment record pairs processed.
21300000 alignment record pairs processed.
21400000 alignment record pairs processed.
21500000 alignment record pairs processed.
21600000 alignment record pairs processed.
21700000 alignment record pairs processed.
21800000 alignment record pairs processed.
21900000 alignment record pairs processed.
22000000 alignment record pairs processed.
22100000 alignment record pairs processed.
22200000 alignment record pairs processed.
22300000 alignment record pairs processed.
22400000 alignment record pairs processed.
22500000 alignment record pairs processed.
22600000 alignment record pairs processed.
22700000 alignment record pairs processed.
22800000 alignment record pairs processed.
22900000 alignment record pairs processed.
23000000 alignment record pairs processed.
23100000 alignment record pairs processed.
23200000 alignment record pairs processed.
23300000 alignment record pairs processed.
23400000 alignment record pairs processed.
23500000 alignment record pairs processed.
23600000 alignment record pairs processed.
23700000 alignment record pairs processed.
23800000 alignment record pairs processed.
23900000 alignment record pairs processed.
24000000 alignment record pairs processed.
24100000 alignment record pairs processed.
24200000 alignment record pairs processed.
24300000 alignment record pairs processed.
24400000 alignment record pairs processed.
24500000 alignment record pairs processed.
24600000 alignment record pairs processed.
24700000 alignment record pairs processed.
24800000 alignment record pairs processed.
24900000 alignment record pairs processed.
25000000 alignment record pairs processed.
25100000 alignment record pairs processed.
25200000 alignment record pairs processed.
25300000 alignment record pairs processed.
25400000 alignment record pairs processed.
25500000 alignment record pairs processed.
25600000 alignment record pairs processed.
25700000 alignment record pairs processed.
25800000 alignment record pairs processed.
25900000 alignment record pairs processed.
26000000 alignment record pairs processed.
26100000 alignment record pairs processed.
26200000 alignment record pairs processed.
26300000 alignment record pairs processed.
26400000 alignment record pairs processed.
26500000 alignment record pairs processed.
26600000 alignment record pairs processed.
26700000 alignment record pairs processed.
26800000 alignment record pairs processed.
26900000 alignment record pairs processed.
27000000 alignment record pairs processed.
27100000 alignment record pairs processed.
27200000 alignment record pairs processed.
27300000 alignment record pairs processed.
27400000 alignment record pairs processed.
27500000 alignment record pairs processed.
27600000 alignment record pairs processed.
27700000 alignment record pairs processed.
27800000 alignment record pairs processed.
27900000 alignment record pairs processed.
28000000 alignment record pairs processed.
28100000 alignment record pairs processed.
28200000 alignment record pairs processed.
28300000 alignment record pairs processed.
28400000 alignment record pairs processed.
28500000 alignment record pairs processed.
28600000 alignment record pairs processed.
28700000 alignment record pairs processed.
28800000 alignment record pairs processed.
28900000 alignment record pairs processed.
29000000 alignment record pairs processed.
29100000 alignment record pairs processed.
29200000 alignment record pairs processed.
29300000 alignment record pairs processed.
29400000 alignment record pairs processed.
29500000 alignment record pairs processed.
29600000 alignment record pairs processed.
29700000 alignment record pairs processed.
29800000 alignment record pairs processed.
29900000 alignment record pairs processed.
30000000 alignment record pairs processed.
30100000 alignment record pairs processed.
30200000 alignment record pairs processed.
30300000 alignment record pairs processed.
30400000 alignment record pairs processed.
30500000 alignment record pairs processed.
30600000 alignment record pairs processed.
30700000 alignment record pairs processed.
30800000 alignment record pairs processed.
30900000 alignment record pairs processed.
31000000 alignment record pairs processed.
31100000 alignment record pairs processed.
31200000 alignment record pairs processed.
31300000 alignment record pairs processed.
31400000 alignment record pairs processed.
31500000 alignment record pairs processed.
31600000 alignment record pairs processed.
31700000 alignment record pairs processed.
31800000 alignment record pairs processed.
31900000 alignment record pairs processed.
32000000 alignment record pairs processed.
32100000 alignment record pairs processed.
32200000 alignment record pairs processed.
32300000 alignment record pairs processed.
32400000 alignment record pairs processed.
32500000 alignment record pairs processed.
32600000 alignment record pairs processed.
32700000 alignment record pairs processed.
32800000 alignment record pairs processed.
32900000 alignment record pairs processed.
33000000 alignment record pairs processed.
33100000 alignment record pairs processed.
33200000 alignment record pairs processed.
33300000 alignment record pairs processed.
33400000 alignment record pairs processed.
33500000 alignment record pairs processed.
33600000 alignment record pairs processed.
33700000 alignment record pairs processed.
33800000 alignment record pairs processed.
33900000 alignment record pairs processed.
34000000 alignment record pairs processed.
34100000 alignment record pairs processed.
34200000 alignment record pairs processed.
34300000 alignment record pairs processed.
34400000 alignment record pairs processed.
34500000 alignment record pairs processed.
34600000 alignment record pairs processed.
34700000 alignment record pairs processed.
34800000 alignment record pairs processed.
34900000 alignment record pairs processed.
35000000 alignment record pairs processed.
35100000 alignment record pairs processed.
35200000 alignment record pairs processed.
35300000 alignment record pairs processed.
35400000 alignment record pairs processed.
35500000 alignment record pairs processed.
35600000 alignment record pairs processed.
35700000 alignment record pairs processed.
35800000 alignment record pairs processed.
35900000 alignment record pairs processed.
36000000 alignment record pairs processed.
36100000 alignment record pairs processed.
36200000 alignment record pairs processed.
36300000 alignment record pairs processed.
36400000 alignment record pairs processed.
36500000 alignment record pairs processed.
36600000 alignment record pairs processed.
36700000 alignment record pairs processed.
36800000 alignment record pairs processed.
36900000 alignment record pairs processed.
37000000 alignment record pairs processed.
37100000 alignment record pairs processed.
37200000 alignment record pairs processed.
37300000 alignment record pairs processed.
37400000 alignment record pairs processed.
37500000 alignment record pairs processed.
37600000 alignment record pairs processed.
37700000 alignment record pairs processed.
37800000 alignment record pairs processed.
37900000 alignment record pairs processed.
38000000 alignment record pairs processed.
38100000 alignment record pairs processed.
38200000 alignment record pairs processed.
38300000 alignment record pairs processed.
38400000 alignment record pairs processed.
38500000 alignment record pairs processed.
38600000 alignment record pairs processed.
38700000 alignment record pairs processed.
38800000 alignment record pairs processed.
38900000 alignment record pairs processed.
39000000 alignment record pairs processed.
39100000 alignment record pairs processed.
39200000 alignment record pairs processed.
39300000 alignment record pairs processed.
39400000 alignment record pairs processed.
39500000 alignment record pairs processed.
39600000 alignment record pairs processed.
39700000 alignment record pairs processed.
39800000 alignment record pairs processed.
39900000 alignment record pairs processed.
40000000 alignment record pairs processed.
40100000 alignment record pairs processed.
40200000 alignment record pairs processed.
40300000 alignment record pairs processed.
40400000 alignment record pairs processed.
40500000 alignment record pairs processed.
40600000 alignment record pairs processed.
40700000 alignment record pairs processed.
40800000 alignment record pairs processed.
40900000 alignment record pairs processed.
41000000 alignment record pairs processed.
41100000 alignment record pairs processed.
41200000 alignment record pairs processed.
41300000 alignment record pairs processed.
41400000 alignment record pairs processed.
41500000 alignment record pairs processed.
41600000 alignment record pairs processed.
41700000 alignment record pairs processed.
41800000 alignment record pairs processed.
41900000 alignment record pairs processed.
42000000 alignment record pairs processed.
42076142 alignment record pairs processed.
	Command being timed: "htseq-count --stranded=reverse /projects/bgmp/rza/bioinfo/Bi623/QAA/aligned/23_4A_control_S17_L008Aligned.out.sam /projects/bgmp/rza/bioinfo/Bi623/mousedata/Mus_musculus.GRCm39.112.gtf"
	User time (seconds): 3258.24
	System time (seconds): 8.05
	Percent of CPU this job got: 99%
	Elapsed (wall clock) time (h:mm:ss or m:ss): 54:39.89
	Average shared text size (kbytes): 0
	Average unshared data size (kbytes): 0
	Average stack size (kbytes): 0
	Average total size (kbytes): 0
	Maximum resident set size (kbytes): 258560
	Average resident set size (kbytes): 0
	Major (requiring I/O) page faults: 0
	Minor (reclaiming a frame) page faults: 1337760
	Voluntary context switches: 1160
	Involuntary context switches: 1278
	Swaps: 0
	File system inputs: 0
	File system outputs: 0
	Socket messages sent: 0
	Socket messages received: 0
	Signals delivered: 0
	Page size (bytes): 4096
	Exit status: 0
