100000 GFF lines processed.
200000 GFF lines processed.
300000 GFF lines processed.
400000 GFF lines processed.
500000 GFF lines processed.
600000 GFF lines processed.
700000 GFF lines processed.
800000 GFF lines processed.
900000 GFF lines processed.
1000000 GFF lines processed.
1100000 GFF lines processed.
1200000 GFF lines processed.
1300000 GFF lines processed.
1400000 GFF lines processed.
1500000 GFF lines processed.
1600000 GFF lines processed.
1700000 GFF lines processed.
1800000 GFF lines processed.
1889871 GFF lines processed.
100000 alignment record pairs processed.
200000 alignment record pairs processed.
300000 alignment record pairs processed.
400000 alignment record pairs processed.
500000 alignment record pairs processed.
600000 alignment record pairs processed.
700000 alignment record pairs processed.
800000 alignment record pairs processed.
900000 alignment record pairs processed.
1000000 alignment record pairs processed.
1100000 alignment record pairs processed.
1200000 alignment record pairs processed.
1300000 alignment record pairs processed.
1400000 alignment record pairs processed.
1500000 alignment record pairs processed.
1600000 alignment record pairs processed.
1700000 alignment record pairs processed.
1800000 alignment record pairs processed.
1900000 alignment record pairs processed.
2000000 alignment record pairs processed.
2100000 alignment record pairs processed.
2200000 alignment record pairs processed.
2300000 alignment record pairs processed.
2400000 alignment record pairs processed.
2500000 alignment record pairs processed.
2600000 alignment record pairs processed.
2700000 alignment record pairs processed.
2800000 alignment record pairs processed.
2900000 alignment record pairs processed.
3000000 alignment record pairs processed.
3100000 alignment record pairs processed.
3200000 alignment record pairs processed.
3300000 alignment record pairs processed.
3400000 alignment record pairs processed.
3500000 alignment record pairs processed.
3600000 alignment record pairs processed.
3700000 alignment record pairs processed.
3800000 alignment record pairs processed.
3900000 alignment record pairs processed.
3901597 alignment record pairs processed.
	Command being timed: "htseq-count --stranded=yes /projects/bgmp/rza/bioinfo/Bi623/QAA/aligned/22_3H_both_S16_L008Aligned.out.sam /projects/bgmp/rza/bioinfo/Bi623/mousedata/Mus_musculus.GRCm39.112.gtf"
	User time (seconds): 341.00
	System time (seconds): 1.54
	Percent of CPU this job got: 99%
	Elapsed (wall clock) time (h:mm:ss or m:ss): 5:44.82
	Average shared text size (kbytes): 0
	Average unshared data size (kbytes): 0
	Average stack size (kbytes): 0
	Average total size (kbytes): 0
	Maximum resident set size (kbytes): 250308
	Average resident set size (kbytes): 0
	Major (requiring I/O) page faults: 0
	Minor (reclaiming a frame) page faults: 55282
	Voluntary context switches: 370
	Involuntary context switches: 907
	Swaps: 0
	File system inputs: 0
	File system outputs: 0
	Socket messages sent: 0
	Socket messages received: 0
	Signals delivered: 0
	Page size (bytes): 4096
	Exit status: 0
100000 GFF lines processed.
200000 GFF lines processed.
300000 GFF lines processed.
400000 GFF lines processed.
500000 GFF lines processed.
600000 GFF lines processed.
700000 GFF lines processed.
800000 GFF lines processed.
900000 GFF lines processed.
1000000 GFF lines processed.
1100000 GFF lines processed.
1200000 GFF lines processed.
1300000 GFF lines processed.
1400000 GFF lines processed.
1500000 GFF lines processed.
1600000 GFF lines processed.
1700000 GFF lines processed.
1800000 GFF lines processed.
1889871 GFF lines processed.
100000 alignment record pairs processed.
200000 alignment record pairs processed.
300000 alignment record pairs processed.
400000 alignment record pairs processed.
500000 alignment record pairs processed.
600000 alignment record pairs processed.
700000 alignment record pairs processed.
800000 alignment record pairs processed.
900000 alignment record pairs processed.
1000000 alignment record pairs processed.
1100000 alignment record pairs processed.
1200000 alignment record pairs processed.
1300000 alignment record pairs processed.
1400000 alignment record pairs processed.
1500000 alignment record pairs processed.
1600000 alignment record pairs processed.
1700000 alignment record pairs processed.
1800000 alignment record pairs processed.
1900000 alignment record pairs processed.
2000000 alignment record pairs processed.
2100000 alignment record pairs processed.
2200000 alignment record pairs processed.
2300000 alignment record pairs processed.
2400000 alignment record pairs processed.
2500000 alignment record pairs processed.
2600000 alignment record pairs processed.
2700000 alignment record pairs processed.
2800000 alignment record pairs processed.
2900000 alignment record pairs processed.
3000000 alignment record pairs processed.
3100000 alignment record pairs processed.
3200000 alignment record pairs processed.
3300000 alignment record pairs processed.
3400000 alignment record pairs processed.
3500000 alignment record pairs processed.
3600000 alignment record pairs processed.
3700000 alignment record pairs processed.
3800000 alignment record pairs processed.
3900000 alignment record pairs processed.
3901597 alignment record pairs processed.
	Command being timed: "htseq-count --stranded=reverse /projects/bgmp/rza/bioinfo/Bi623/QAA/aligned/22_3H_both_S16_L008Aligned.out.sam /projects/bgmp/rza/bioinfo/Bi623/mousedata/Mus_musculus.GRCm39.112.gtf"
	User time (seconds): 346.67
	System time (seconds): 1.33
	Percent of CPU this job got: 98%
	Elapsed (wall clock) time (h:mm:ss or m:ss): 5:52.63
	Average shared text size (kbytes): 0
	Average unshared data size (kbytes): 0
	Average stack size (kbytes): 0
	Average total size (kbytes): 0
	Maximum resident set size (kbytes): 251796
	Average resident set size (kbytes): 0
	Major (requiring I/O) page faults: 0
	Minor (reclaiming a frame) page faults: 56172
	Voluntary context switches: 1068
	Involuntary context switches: 1023
	Swaps: 0
	File system inputs: 0
	File system outputs: 0
	Socket messages sent: 0
	Socket messages received: 0
	Signals delivered: 0
	Page size (bytes): 4096
	Exit status: 0
