python: can't open file '/gpfs/projects/bgmp/rza/bioinfo/Bi623/QAA/./scripts/Qdists.py': [Errno 2] No such file or directory
Command exited with non-zero status 2
	Command being timed: "python ./scripts/Qdists.py -p /projects/bgmp/shared/2017_sequencing/demultiplexed/ -f 22_3H_both_S16_L008_R1_001.fastq.gz, -o ./out/"
	User time (seconds): 0.00
	System time (seconds): 0.00
	Percent of CPU this job got: 83%
	Elapsed (wall clock) time (h:mm:ss or m:ss): 0:00.01
	Average shared text size (kbytes): 0
	Average unshared data size (kbytes): 0
	Average stack size (kbytes): 0
	Average total size (kbytes): 0
	Maximum resident set size (kbytes): 7840
	Average resident set size (kbytes): 0
	Major (requiring I/O) page faults: 0
	Minor (reclaiming a frame) page faults: 1811
	Voluntary context switches: 16
	Involuntary context switches: 0
	Swaps: 0
	File system inputs: 0
	File system outputs: 0
	Socket messages sent: 0
	Socket messages received: 0
	Signals delivered: 0
	Page size (bytes): 4096
	Exit status: 2
python: can't open file '/gpfs/projects/bgmp/rza/bioinfo/Bi623/QAA/./scripts/Qdists.py': [Errno 2] No such file or directory
Command exited with non-zero status 2
	Command being timed: "python ./scripts/Qdists.py -p /projects/bgmp/shared/2017_sequencing/demultiplexed/ -f 22_3H_both_S16_L008_R2_001.fastq.gz, -o ./out/"
	User time (seconds): 0.00
	System time (seconds): 0.00
	Percent of CPU this job got: 80%
	Elapsed (wall clock) time (h:mm:ss or m:ss): 0:00.01
	Average shared text size (kbytes): 0
	Average unshared data size (kbytes): 0
	Average stack size (kbytes): 0
	Average total size (kbytes): 0
	Maximum resident set size (kbytes): 7884
	Average resident set size (kbytes): 0
	Major (requiring I/O) page faults: 0
	Minor (reclaiming a frame) page faults: 1807
	Voluntary context switches: 13
	Involuntary context switches: 0
	Swaps: 0
	File system inputs: 0
	File system outputs: 0
	Socket messages sent: 0
	Socket messages received: 0
	Signals delivered: 0
	Page size (bytes): 4096
	Exit status: 2
python: can't open file '/gpfs/projects/bgmp/rza/bioinfo/Bi623/QAA/./scripts/Qdists.py': [Errno 2] No such file or directory
Command exited with non-zero status 2
	Command being timed: "python ./scripts/Qdists.py -p /projects/bgmp/shared/2017_sequencing/demultiplexed/ -f 23_4A_control_S17_L008_R1_001.fastq.gz, -o ./out/"
	User time (seconds): 0.00
	System time (seconds): 0.00
	Percent of CPU this job got: 90%
	Elapsed (wall clock) time (h:mm:ss or m:ss): 0:00.01
	Average shared text size (kbytes): 0
	Average unshared data size (kbytes): 0
	Average stack size (kbytes): 0
	Average total size (kbytes): 0
	Maximum resident set size (kbytes): 7900
	Average resident set size (kbytes): 0
	Major (requiring I/O) page faults: 0
	Minor (reclaiming a frame) page faults: 1811
	Voluntary context switches: 13
	Involuntary context switches: 0
	Swaps: 0
	File system inputs: 0
	File system outputs: 0
	Socket messages sent: 0
	Socket messages received: 0
	Signals delivered: 0
	Page size (bytes): 4096
	Exit status: 2
python: can't open file '/gpfs/projects/bgmp/rza/bioinfo/Bi623/QAA/./scripts/Qdists.py': [Errno 2] No such file or directory
Command exited with non-zero status 2
	Command being timed: "python ./scripts/Qdists.py -p /projects/bgmp/shared/2017_sequencing/demultiplexed/ -f 23_4A_control_S17_L008_R2_001.fastq.gz -o ./out/"
	User time (seconds): 0.00
	System time (seconds): 0.00
	Percent of CPU this job got: 80%
	Elapsed (wall clock) time (h:mm:ss or m:ss): 0:00.01
	Average shared text size (kbytes): 0
	Average unshared data size (kbytes): 0
	Average stack size (kbytes): 0
	Average total size (kbytes): 0
	Maximum resident set size (kbytes): 7832
	Average resident set size (kbytes): 0
	Major (requiring I/O) page faults: 0
	Minor (reclaiming a frame) page faults: 1811
	Voluntary context switches: 13
	Involuntary context switches: 0
	Swaps: 0
	File system inputs: 0
	File system outputs: 0
	Socket messages sent: 0
	Socket messages received: 0
	Signals delivered: 0
	Page size (bytes): 4096
	Exit status: 2
