Traceback (most recent call last):
  File "/gpfs/projects/bgmp/rza/bioinfo/Bi623/QAA/./scripts/Qplot.py", line 89, in <module>
    q_plotter(f,path,outpath)
  File "/gpfs/projects/bgmp/rza/bioinfo/Bi623/QAA/./scripts/Qplot.py", line 42, in q_plotter
    file = open(path+fname,'r')
           ^^^^^^^^^^^^^^^^^^^^
IsADirectoryError: [Errno 21] Is a directory: '/projects/bgmp/shared/2017_sequencing/demultiplexed/'
Command exited with non-zero status 1
	Command being timed: "python ./scripts/Qplot.py -p /projects/bgmp/shared/2017_sequencing/demultiplexed/ -f 22_3H_both_S16_L008_R1_001.fastq.gz, -o ./out/"
	User time (seconds): 65.48
	System time (seconds): 0.12
	Percent of CPU this job got: 93%
	Elapsed (wall clock) time (h:mm:ss or m:ss): 1:09.99
	Average shared text size (kbytes): 0
	Average unshared data size (kbytes): 0
	Average stack size (kbytes): 0
	Average total size (kbytes): 0
	Maximum resident set size (kbytes): 70880
	Average resident set size (kbytes): 0
	Major (requiring I/O) page faults: 0
	Minor (reclaiming a frame) page faults: 14360
	Voluntary context switches: 2004
	Involuntary context switches: 194
	Swaps: 0
	File system inputs: 0
	File system outputs: 0
	Socket messages sent: 0
	Socket messages received: 0
	Signals delivered: 0
	Page size (bytes): 4096
	Exit status: 1
Traceback (most recent call last):
  File "/gpfs/projects/bgmp/rza/bioinfo/Bi623/QAA/./scripts/Qplot.py", line 89, in <module>
    q_plotter(f,path,outpath)
  File "/gpfs/projects/bgmp/rza/bioinfo/Bi623/QAA/./scripts/Qplot.py", line 42, in q_plotter
    file = open(path+fname,'r')
           ^^^^^^^^^^^^^^^^^^^^
IsADirectoryError: [Errno 21] Is a directory: '/projects/bgmp/shared/2017_sequencing/demultiplexed/'
Command exited with non-zero status 1
	Command being timed: "python ./scripts/Qplot.py -p /projects/bgmp/shared/2017_sequencing/demultiplexed/ -f 22_3H_both_S16_L008_R2_001.fastq.gz, -o ./out/"
	User time (seconds): 66.69
	System time (seconds): 0.10
	Percent of CPU this job got: 99%
	Elapsed (wall clock) time (h:mm:ss or m:ss): 1:07.24
	Average shared text size (kbytes): 0
	Average unshared data size (kbytes): 0
	Average stack size (kbytes): 0
	Average total size (kbytes): 0
	Maximum resident set size (kbytes): 65316
	Average resident set size (kbytes): 0
	Major (requiring I/O) page faults: 0
	Minor (reclaiming a frame) page faults: 13991
	Voluntary context switches: 672
	Involuntary context switches: 198
	Swaps: 0
	File system inputs: 0
	File system outputs: 0
	Socket messages sent: 0
	Socket messages received: 0
	Signals delivered: 0
	Page size (bytes): 4096
	Exit status: 1
Traceback (most recent call last):
  File "/gpfs/projects/bgmp/rza/bioinfo/Bi623/QAA/./scripts/Qplot.py", line 89, in <module>
    q_plotter(f,path,outpath)
  File "/gpfs/projects/bgmp/rza/bioinfo/Bi623/QAA/./scripts/Qplot.py", line 42, in q_plotter
    file = open(path+fname,'r')
           ^^^^^^^^^^^^^^^^^^^^
IsADirectoryError: [Errno 21] Is a directory: '/projects/bgmp/shared/2017_sequencing/demultiplexed/'
Command exited with non-zero status 1
	Command being timed: "python ./scripts/Qplot.py -p /projects/bgmp/shared/2017_sequencing/demultiplexed/ -f 23_4A_control_S17_L008_R1_001.fastq.gz, -o ./out/"
	User time (seconds): 752.52
	System time (seconds): 0.27
	Percent of CPU this job got: 99%
	Elapsed (wall clock) time (h:mm:ss or m:ss): 12:35.55
	Average shared text size (kbytes): 0
	Average unshared data size (kbytes): 0
	Average stack size (kbytes): 0
	Average total size (kbytes): 0
	Maximum resident set size (kbytes): 68052
	Average resident set size (kbytes): 0
	Major (requiring I/O) page faults: 0
	Minor (reclaiming a frame) page faults: 14072
	Voluntary context switches: 684
	Involuntary context switches: 1869
	Swaps: 0
	File system inputs: 0
	File system outputs: 0
	Socket messages sent: 0
	Socket messages received: 0
	Signals delivered: 0
	Page size (bytes): 4096
	Exit status: 1
	Command being timed: "python ./scripts/Qplot.py -p /projects/bgmp/shared/2017_sequencing/demultiplexed/ -f 23_4A_control_S17_L008_R2_001.fastq.gz -o ./out/"
	User time (seconds): 740.27
	System time (seconds): 0.30
	Percent of CPU this job got: 99%
	Elapsed (wall clock) time (h:mm:ss or m:ss): 12:28.00
	Average shared text size (kbytes): 0
	Average unshared data size (kbytes): 0
	Average stack size (kbytes): 0
	Average total size (kbytes): 0
	Maximum resident set size (kbytes): 70996
	Average resident set size (kbytes): 0
	Major (requiring I/O) page faults: 0
	Minor (reclaiming a frame) page faults: 13956
	Voluntary context switches: 2202
	Involuntary context switches: 1853
	Swaps: 0
	File system inputs: 0
	File system outputs: 0
	Socket messages sent: 0
	Socket messages received: 0
	Signals delivered: 0
	Page size (bytes): 4096
	Exit status: 0
