	Command being timed: "python ./scripts/Qdists.py -p /projects/bgmp/shared/2017_sequencing/demultiplexed/ -f 23_4A_control_S17_L008_R2_001.fastq.gz -o ./out/"
	User time (seconds): 766.86
	System time (seconds): 0.32
	Percent of CPU this job got: 99%
	Elapsed (wall clock) time (h:mm:ss or m:ss): 12:50.12
	Average shared text size (kbytes): 0
	Average unshared data size (kbytes): 0
	Average stack size (kbytes): 0
	Average total size (kbytes): 0
	Maximum resident set size (kbytes): 63532
	Average resident set size (kbytes): 0
	Major (requiring I/O) page faults: 0
	Minor (reclaiming a frame) page faults: 14045
	Voluntary context switches: 630
	Involuntary context switches: 3435
	Swaps: 0
	File system inputs: 0
	File system outputs: 0
	Socket messages sent: 0
	Socket messages received: 0
	Signals delivered: 0
	Page size (bytes): 4096
	Exit status: 0
