	Command being timed: "python ./scripts/Qdists.py -p /projects/bgmp/shared/2017_sequencing/demultiplexed/ -f 22_3H_both_S16_L008_R1_001.fastq.gz -o ./out/"
	User time (seconds): 67.53
	System time (seconds): 0.11
	Percent of CPU this job got: 93%
	Elapsed (wall clock) time (h:mm:ss or m:ss): 1:12.09
	Average shared text size (kbytes): 0
	Average unshared data size (kbytes): 0
	Average stack size (kbytes): 0
	Average total size (kbytes): 0
	Maximum resident set size (kbytes): 65276
	Average resident set size (kbytes): 0
	Major (requiring I/O) page faults: 0
	Minor (reclaiming a frame) page faults: 13984
	Voluntary context switches: 2026
	Involuntary context switches: 316
	Swaps: 0
	File system inputs: 0
	File system outputs: 0
	Socket messages sent: 0
	Socket messages received: 0
	Signals delivered: 0
	Page size (bytes): 4096
	Exit status: 0
