Traceback (most recent call last):
  File "/gpfs/projects/bgmp/rza/bioinfo/Bi623/QAA/./scripts/Qplot.py", line 89, in <module>
    q_plotter(f,path,outpath)
  File "/gpfs/projects/bgmp/rza/bioinfo/Bi623/QAA/./scripts/Qplot.py", line 42, in q_plotter
    file = open(path+fname,'r')
           ^^^^^^^^^^^^^^^^^^^^
IsADirectoryError: [Errno 21] Is a directory: '/projects/bgmp/shared/2017_sequencing/demultiplexed/'
Command exited with non-zero status 1
	Command being timed: "python ./scripts/Qplot.py -p /projects/bgmp/shared/2017_sequencing/demultiplexed/ -f 22_3H_both_S16_L008_R1_001.fastq.gz, -o ./out/"
	User time (seconds): 64.93
	System time (seconds): 0.12
	Percent of CPU this job got: 92%
	Elapsed (wall clock) time (h:mm:ss or m:ss): 1:10.18
	Average shared text size (kbytes): 0
	Average unshared data size (kbytes): 0
	Average stack size (kbytes): 0
	Average total size (kbytes): 0
	Maximum resident set size (kbytes): 63220
	Average resident set size (kbytes): 0
	Major (requiring I/O) page faults: 0
	Minor (reclaiming a frame) page faults: 13984
	Voluntary context switches: 2342
	Involuntary context switches: 198
	Swaps: 0
	File system inputs: 0
	File system outputs: 0
	Socket messages sent: 0
	Socket messages received: 0
	Signals delivered: 0
	Page size (bytes): 4096
	Exit status: 1
Traceback (most recent call last):
  File "/gpfs/projects/bgmp/rza/bioinfo/Bi623/QAA/./scripts/Qplot.py", line 89, in <module>
    q_plotter(f,path,outpath)
  File "/gpfs/projects/bgmp/rza/bioinfo/Bi623/QAA/./scripts/Qplot.py", line 42, in q_plotter
    file = open(path+fname,'r')
           ^^^^^^^^^^^^^^^^^^^^
IsADirectoryError: [Errno 21] Is a directory: '/projects/bgmp/shared/2017_sequencing/demultiplexed/'
Command exited with non-zero status 1
	Command being timed: "python ./scripts/Qplot.py -p /projects/bgmp/shared/2017_sequencing/demultiplexed/ -f 22_3H_both_S16_L008_R2_001.fastq.gz, -o ./out/"
	User time (seconds): 65.01
	System time (seconds): 0.09
	Percent of CPU this job got: 99%
	Elapsed (wall clock) time (h:mm:ss or m:ss): 1:05.38
	Average shared text size (kbytes): 0
	Average unshared data size (kbytes): 0
	Average stack size (kbytes): 0
	Average total size (kbytes): 0
	Maximum resident set size (kbytes): 63292
	Average resident set size (kbytes): 0
	Major (requiring I/O) page faults: 0
	Minor (reclaiming a frame) page faults: 13968
	Voluntary context switches: 578
	Involuntary context switches: 190
	Swaps: 0
	File system inputs: 0
	File system outputs: 0
	Socket messages sent: 0
	Socket messages received: 0
	Signals delivered: 0
	Page size (bytes): 4096
	Exit status: 1
Traceback (most recent call last):
  File "/gpfs/projects/bgmp/rza/bioinfo/Bi623/QAA/./scripts/Qplot.py", line 89, in <module>
    q_plotter(f,path,outpath)
  File "/gpfs/projects/bgmp/rza/bioinfo/Bi623/QAA/./scripts/Qplot.py", line 42, in q_plotter
    file = open(path+fname,'r')
           ^^^^^^^^^^^^^^^^^^^^
IsADirectoryError: [Errno 21] Is a directory: '/projects/bgmp/shared/2017_sequencing/demultiplexed/'
Command exited with non-zero status 1
	Command being timed: "python ./scripts/Qplot.py -p /projects/bgmp/shared/2017_sequencing/demultiplexed/ -f 23_4A_control_S17_L008_R1_001.fastq.gz, -o ./out/"
	User time (seconds): 744.68
	System time (seconds): 0.25
	Percent of CPU this job got: 99%
	Elapsed (wall clock) time (h:mm:ss or m:ss): 12:27.25
	Average shared text size (kbytes): 0
	Average unshared data size (kbytes): 0
	Average stack size (kbytes): 0
	Average total size (kbytes): 0
	Maximum resident set size (kbytes): 67556
	Average resident set size (kbytes): 0
	Major (requiring I/O) page faults: 0
	Minor (reclaiming a frame) page faults: 14597
	Voluntary context switches: 587
	Involuntary context switches: 1849
	Swaps: 0
	File system inputs: 0
	File system outputs: 0
	Socket messages sent: 0
	Socket messages received: 0
	Signals delivered: 0
	Page size (bytes): 4096
	Exit status: 1
	Command being timed: "python ./scripts/Qplot.py -p /projects/bgmp/shared/2017_sequencing/demultiplexed/ -f 23_4A_control_S17_L008_R2_001.fastq.gz -o ./out/"
	User time (seconds): 748.51
	System time (seconds): 0.33
	Percent of CPU this job got: 99%
	Elapsed (wall clock) time (h:mm:ss or m:ss): 12:32.83
	Average shared text size (kbytes): 0
	Average unshared data size (kbytes): 0
	Average stack size (kbytes): 0
	Average total size (kbytes): 0
	Maximum resident set size (kbytes): 66252
	Average resident set size (kbytes): 0
	Major (requiring I/O) page faults: 0
	Minor (reclaiming a frame) page faults: 14071
	Voluntary context switches: 980
	Involuntary context switches: 1893
	Swaps: 0
	File system inputs: 0
	File system outputs: 0
	Socket messages sent: 0
	Socket messages received: 0
	Signals delivered: 0
	Page size (bytes): 4096
	Exit status: 0
