	Command being timed: "python ./scripts/Qdists.py -p /projects/bgmp/shared/2017_sequencing/demultiplexed/ -f 22_3H_both_S16_L008_R1_001.fastq.gz,22_3H_both_S16_L008_R2_001.fastq.gz -o ./out/"
	User time (seconds): 139.46
	System time (seconds): 0.11
	Percent of CPU this job got: 99%
	Elapsed (wall clock) time (h:mm:ss or m:ss): 2:20.30
	Average shared text size (kbytes): 0
	Average unshared data size (kbytes): 0
	Average stack size (kbytes): 0
	Average total size (kbytes): 0
	Maximum resident set size (kbytes): 70264
	Average resident set size (kbytes): 0
	Major (requiring I/O) page faults: 0
	Minor (reclaiming a frame) page faults: 14743
	Voluntary context switches: 600
	Involuntary context switches: 451
	Swaps: 0
	File system inputs: 0
	File system outputs: 0
	Socket messages sent: 0
	Socket messages received: 0
	Signals delivered: 0
	Page size (bytes): 4096
	Exit status: 0
