	Command being timed: "STAR --runThreadN 8 --runMode genomeGenerate --genomeDir /projects/bgmp/rza/bioinfo/Bi623/QAA/Mus_musculus.GRCm39.112.STAR_2.7.11b/ --genomeFastaFiles /projects/bgmp/rza/bioinfo/Bi623//mousedata/Mus_musculus.GRCm39.dna.primary_assembly.fa --sjdbGTFfile /projects/bgmp/rza/bioinfo/Bi623//mousedata/Mus_musculus.GRCm39.112.gtf"
	User time (seconds): 4668.48
	System time (seconds): 44.70
	Percent of CPU this job got: 497%
	Elapsed (wall clock) time (h:mm:ss or m:ss): 15:46.93
	Average shared text size (kbytes): 0
	Average unshared data size (kbytes): 0
	Average stack size (kbytes): 0
	Average total size (kbytes): 0
	Maximum resident set size (kbytes): 32373560
	Average resident set size (kbytes): 0
	Major (requiring I/O) page faults: 0
	Minor (reclaiming a frame) page faults: 23682853
	Voluntary context switches: 18895
	Involuntary context switches: 10344
	Swaps: 0
	File system inputs: 0
	File system outputs: 0
	Socket messages sent: 0
	Socket messages received: 0
	Signals delivered: 0
	Page size (bytes): 4096
	Exit status: 0
