	Command being timed: "STAR --runThreadN 8 --runMode alignReads --outFilterMultimapNmax 3 --outSAMunmapped Within KeepPairs --alignIntronMax 1000000 --alignMatesGapMax 1000000 --readFilesCommand zcat --readFilesIn /projects/bgmp/rza/bioinfo/Bi623/QAA/trimmer_out/22_3H_both_S16_L008_1P.fastq.gz /projects/bgmp/rza/bioinfo/Bi623/QAA/trimmer_out/22_3H_both_S16_L008_2P.fastq.gz --genomeDir /projects/bgmp/rza/bioinfo/Bi623/QAA//Mus_musculus.GRCm39.112.STAR_2.7.11b/ --outFileNamePrefix ./aligned/22_3H_both_S16_L008"
	User time (seconds): 190.75
	System time (seconds): 10.52
	Percent of CPU this job got: 395%
	Elapsed (wall clock) time (h:mm:ss or m:ss): 0:50.88
	Average shared text size (kbytes): 0
	Average unshared data size (kbytes): 0
	Average stack size (kbytes): 0
	Average total size (kbytes): 0
	Maximum resident set size (kbytes): 27374652
	Average resident set size (kbytes): 0
	Major (requiring I/O) page faults: 0
	Minor (reclaiming a frame) page faults: 2547312
	Voluntary context switches: 30632
	Involuntary context switches: 1038
	Swaps: 0
	File system inputs: 0
	File system outputs: 0
	Socket messages sent: 0
	Socket messages received: 0
	Signals delivered: 0
	Page size (bytes): 4096
	Exit status: 0
