	Command being timed: "STAR --runThreadN 8 --runMode alignReads --outFilterMultimapNmax 3 --outSAMunmapped Within KeepPairs --alignIntronMax 1000000 --alignMatesGapMax 1000000 --readFilesCommand zcat --readFilesIn /projects/bgmp/rza/bioinfo/Bi623/QAA/trimmer_out/23_4A_control_S17_L008_1P.fastq.gz /projects/bgmp/rza/bioinfo/Bi623/QAA/trimmer_out/23_4A_control_S17_L008_2P.fastq.gz --genomeDir /projects/bgmp/rza/bioinfo/Bi623/QAA//Mus_musculus.GRCm39.112.STAR_2.7.11b/ --outFileNamePrefix ./aligned/23_4A_control_S17_L008"
	User time (seconds): 2226.83
	System time (seconds): 23.35
	Percent of CPU this job got: 697%
	Elapsed (wall clock) time (h:mm:ss or m:ss): 5:22.50
	Average shared text size (kbytes): 0
	Average unshared data size (kbytes): 0
	Average stack size (kbytes): 0
	Average total size (kbytes): 0
	Maximum resident set size (kbytes): 27532024
	Average resident set size (kbytes): 0
	Major (requiring I/O) page faults: 0
	Minor (reclaiming a frame) page faults: 1703795
	Voluntary context switches: 316309
	Involuntary context switches: 12544
	Swaps: 0
	File system inputs: 0
	File system outputs: 0
	Socket messages sent: 0
	Socket messages received: 0
	Signals delivered: 0
	Page size (bytes): 4096
	Exit status: 0
