TrimmomaticPE: Started with arguments:
 -phred33 -summary trimmerSummary.txt /projects/bgmp/shared/2017_sequencing/demultiplexed/23_4A_control_S17_L008_R1_001.fastq.gz /projects/bgmp/shared/2017_sequencing/demultiplexed/23_4A_control_S17_L008_R2_001.fastq.gz -baseout 23_4A_control_S17_L008.fastq.gz LEADING:3 TRAILING:3 SLIDINGWINDOW:5:15 MINLEN:35
Multiple cores found: Using 4 threads
Using templated Output files: 23_4A_control_S17_L008_1P.fastq.gz 23_4A_control_S17_L008_1U.fastq.gz 23_4A_control_S17_L008_2P.fastq.gz 23_4A_control_S17_L008_2U.fastq.gz
Input Read Pairs: 44303262 Both Surviving: 42076142 (94.97%) Forward Only Surviving: 2176303 (4.91%) Reverse Only Surviving: 31859 (0.07%) Dropped: 18958 (0.04%)
TrimmomaticPE: Completed successfully
	Command being timed: "trimmomatic PE -phred33 -summary trimmerSummary.txt /projects/bgmp/shared/2017_sequencing/demultiplexed/23_4A_control_S17_L008_R1_001.fastq.gz /projects/bgmp/shared/2017_sequencing/demultiplexed/23_4A_control_S17_L008_R2_001.fastq.gz -baseout 23_4A_control_S17_L008.fastq.gz LEADING:3 TRAILING:3 SLIDINGWINDOW:5:15 MINLEN:35"
	User time (seconds): 2046.18
	System time (seconds): 42.21
	Percent of CPU this job got: 211%
	Elapsed (wall clock) time (h:mm:ss or m:ss): 16:29.23
	Average shared text size (kbytes): 0
	Average unshared data size (kbytes): 0
	Average stack size (kbytes): 0
	Average total size (kbytes): 0
	Maximum resident set size (kbytes): 400476
	Average resident set size (kbytes): 0
	Major (requiring I/O) page faults: 0
	Minor (reclaiming a frame) page faults: 521946
	Voluntary context switches: 498848
	Involuntary context switches: 1411
	Swaps: 0
	File system inputs: 0
	File system outputs: 6240
	Socket messages sent: 0
	Socket messages received: 0
	Signals delivered: 0
	Page size (bytes): 4096
	Exit status: 0
